Arguments: 
  /usr/local/bin/node /usr/local/Cellar/yarn/1.7.0/libexec/bin/yarn.js add -D @babel/preset-en

PATH: 
  /usr/local/bin:/usr/bin:/bin:/usr/sbin:/sbin:/Applications/VMware Fusion.app/Contents/Public:/usr/local/share/dotnet:/Library/Frameworks/Mono.framework/Versions/Current/Commands

Yarn version: 
  1.7.0

Node version: 
  10.15.0

Platform: 
  darwin x64

Trace: 
  Error: https://registry.npm.taobao.org/@babel%2fpreset-en: Not found
      at Request.params.callback [as _callback] (/usr/local/Cellar/yarn/1.7.0/libexec/lib/cli.js:65656:18)
      at Request.self.callback (/usr/local/Cellar/yarn/1.7.0/libexec/lib/cli.js:134675:22)
      at Request.emit (events.js:182:13)
      at Request.<anonymous> (/usr/local/Cellar/yarn/1.7.0/libexec/lib/cli.js:135658:10)
      at Request.emit (events.js:182:13)
      at IncomingMessage.<anonymous> (/usr/local/Cellar/yarn/1.7.0/libexec/lib/cli.js:135578:12)
      at Object.onceWrapper (events.js:273:13)
      at IncomingMessage.emit (events.js:187:15)
      at endReadableNT (_stream_readable.js:1094:12)
      at process._tickCallback (internal/process/next_tick.js:63:19)

npm manifest: 
  {
    "name": "storybook-addon-chartlib",
    "version": "0.1.0",
    "description": "Chartlib addon for storybook",
    "keywords": [
      "addon",
      "storybook"
    ],
    "homepage": "https://github.com/xujian/storybook-addon-chartlib",
    "bugs": {
      "url": "https://github.com/xujian/storybook-addon-chartlib/issues"
    },
    "repository": {
      "type": "git",
      "url": "https://github.com/xujian/storybook-addon-chartlib.git",
      "directory": ""
    },
    "license": "MIT",
    "main": "dist/index.js",
    "jsnext:main": "src/index.js",
    "scripts": {
      "prepare": "node ../storybook/scripts/prepare.js"
    },
    "dependencies": {
      "@storybook/addons": "5.1.0-beta.1",
      "@storybook/client-api": "5.1.0-beta.1",
      "@storybook/components": "5.1.0-beta.1",
      "@storybook/core-events": "5.1.0-beta.1",
      "@storybook/theming": "5.1.0-beta.1",
      "copy-to-clipboard": "^3.0.8",
      "core-js": "^3.0.1",
      "estraverse": "^4.2.0",
      "loader-utils": "^1.2.3",
      "prettier": "^1.16.4",
      "prop-types": "^15.7.2",
      "react-syntax-highlighter": "^8.0.1",
      "regenerator-runtime": "^0.12.1"
    },
    "peerDependencies": {
      "react": "*"
    },
    "publishConfig": {
      "access": "public"
    },
    "devDependencies": {
      "@babel/core": "^7.4.4",
      "@babel/plugin-proposal-class-properties": "^7.4.4",
      "@babel/plugin-proposal-decorators": "^7.4.4",
      "@babel/plugin-proposal-export-default-from": "^7.2.0",
      "@babel/plugin-proposal-object-rest-spread": "^7.4.4",
      "@babel/plugin-syntax-dynamic-import": "^7.2.0"
    }
  }

yarn manifest: 
  No manifest

Lockfile: 
  # THIS IS AN AUTOGENERATED FILE. DO NOT EDIT THIS FILE DIRECTLY.
  # yarn lockfile v1
  
  
  "@babel/code-frame@^7.0.0":
    version "7.0.0"
    resolved "https://registry.npm.taobao.org/@babel/code-frame/download/@babel/code-frame-7.0.0.tgz#06e2ab19bdb535385559aabb5ba59729482800f8"
    dependencies:
      "@babel/highlight" "^7.0.0"
  
  "@babel/core@^7.4.4":
    version "7.4.4"
    resolved "https://registry.npm.taobao.org/@babel/core/download/@babel/core-7.4.4.tgz#84055750b05fcd50f9915a826b44fa347a825250"
    dependencies:
      "@babel/code-frame" "^7.0.0"
      "@babel/generator" "^7.4.4"
      "@babel/helpers" "^7.4.4"
      "@babel/parser" "^7.4.4"
      "@babel/template" "^7.4.4"
      "@babel/traverse" "^7.4.4"
      "@babel/types" "^7.4.4"
      convert-source-map "^1.1.0"
      debug "^4.1.0"
      json5 "^2.1.0"
      lodash "^4.17.11"
      resolve "^1.3.2"
      semver "^5.4.1"
      source-map "^0.5.0"
  
  "@babel/generator@^7.4.4":
    version "7.4.4"
    resolved "https://registry.npm.taobao.org/@babel/generator/download/@babel/generator-7.4.4.tgz#174a215eb843fc392c7edcaabeaa873de6e8f041"
    dependencies:
      "@babel/types" "^7.4.4"
      jsesc "^2.5.1"
      lodash "^4.17.11"
      source-map "^0.5.0"
      trim-right "^1.0.1"
  
  "@babel/helper-create-class-features-plugin@^7.4.4":
    version "7.4.4"
    resolved "https://registry.npm.taobao.org/@babel/helper-create-class-features-plugin/download/@babel/helper-create-class-features-plugin-7.4.4.tgz#fc3d690af6554cc9efc607364a82d48f58736dba"
    dependencies:
      "@babel/helper-function-name" "^7.1.0"
      "@babel/helper-member-expression-to-functions" "^7.0.0"
      "@babel/helper-optimise-call-expression" "^7.0.0"
      "@babel/helper-plugin-utils" "^7.0.0"
      "@babel/helper-replace-supers" "^7.4.4"
      "@babel/helper-split-export-declaration" "^7.4.4"
  
  "@babel/helper-function-name@^7.1.0":
    version "7.1.0"
    resolved "https://registry.npm.taobao.org/@babel/helper-function-name/download/@babel/helper-function-name-7.1.0.tgz#a0ceb01685f73355d4360c1247f582bfafc8ff53"
    dependencies:
      "@babel/helper-get-function-arity" "^7.0.0"
      "@babel/template" "^7.1.0"
      "@babel/types" "^7.0.0"
  
  "@babel/helper-get-function-arity@^7.0.0":
    version "7.0.0"
    resolved "https://registry.npm.taobao.org/@babel/helper-get-function-arity/download/@babel/helper-get-function-arity-7.0.0.tgz#83572d4320e2a4657263734113c42868b64e49c3"
    dependencies:
      "@babel/types" "^7.0.0"
  
  "@babel/helper-member-expression-to-functions@^7.0.0":
    version "7.0.0"
    resolved "https://registry.npm.taobao.org/@babel/helper-member-expression-to-functions/download/@babel/helper-member-expression-to-functions-7.0.0.tgz#8cd14b0a0df7ff00f009e7d7a436945f47c7a16f"
    dependencies:
      "@babel/types" "^7.0.0"
  
  "@babel/helper-module-imports@^7.0.0":
    version "7.0.0"
    resolved "https://registry.npm.taobao.org/@babel/helper-module-imports/download/@babel/helper-module-imports-7.0.0.tgz#96081b7111e486da4d2cd971ad1a4fe216cc2e3d"
    dependencies:
      "@babel/types" "^7.0.0"
  
  "@babel/helper-optimise-call-expression@^7.0.0":
    version "7.0.0"
    resolved "https://registry.npm.taobao.org/@babel/helper-optimise-call-expression/download/@babel/helper-optimise-call-expression-7.0.0.tgz#a2920c5702b073c15de51106200aa8cad20497d5"
    dependencies:
      "@babel/types" "^7.0.0"
  
  "@babel/helper-plugin-utils@^7.0.0":
    version "7.0.0"
    resolved "https://registry.npm.taobao.org/@babel/helper-plugin-utils/download/@babel/helper-plugin-utils-7.0.0.tgz#bbb3fbee98661c569034237cc03967ba99b4f250"
  
  "@babel/helper-replace-supers@^7.4.4":
    version "7.4.4"
    resolved "https://registry.npm.taobao.org/@babel/helper-replace-supers/download/@babel/helper-replace-supers-7.4.4.tgz#aee41783ebe4f2d3ab3ae775e1cc6f1a90cefa27"
    dependencies:
      "@babel/helper-member-expression-to-functions" "^7.0.0"
      "@babel/helper-optimise-call-expression" "^7.0.0"
      "@babel/traverse" "^7.4.4"
      "@babel/types" "^7.4.4"
  
  "@babel/helper-split-export-declaration@^7.4.4":
    version "7.4.4"
    resolved "https://registry.npm.taobao.org/@babel/helper-split-export-declaration/download/@babel/helper-split-export-declaration-7.4.4.tgz#ff94894a340be78f53f06af038b205c49d993677"
    dependencies:
      "@babel/types" "^7.4.4"
  
  "@babel/helpers@^7.4.4":
    version "7.4.4"
    resolved "https://registry.npm.taobao.org/@babel/helpers/download/@babel/helpers-7.4.4.tgz#868b0ef59c1dd4e78744562d5ce1b59c89f2f2a5"
    dependencies:
      "@babel/template" "^7.4.4"
      "@babel/traverse" "^7.4.4"
      "@babel/types" "^7.4.4"
  
  "@babel/highlight@^7.0.0":
    version "7.0.0"
    resolved "https://registry.npm.taobao.org/@babel/highlight/download/@babel/highlight-7.0.0.tgz#f710c38c8d458e6dd9a201afb637fcb781ce99e4"
    dependencies:
      chalk "^2.0.0"
      esutils "^2.0.2"
      js-tokens "^4.0.0"
  
  "@babel/parser@^7.4.4":
    version "7.4.4"
    resolved "https://registry.npm.taobao.org/@babel/parser/download/@babel/parser-7.4.4.tgz#5977129431b8fe33471730d255ce8654ae1250b6"
  
  "@babel/plugin-proposal-class-properties@^7.4.4":
    version "7.4.4"
    resolved "https://registry.npm.taobao.org/@babel/plugin-proposal-class-properties/download/@babel/plugin-proposal-class-properties-7.4.4.tgz#93a6486eed86d53452ab9bab35e368e9461198ce"
    dependencies:
      "@babel/helper-create-class-features-plugin" "^7.4.4"
      "@babel/helper-plugin-utils" "^7.0.0"
  
  "@babel/plugin-proposal-decorators@^7.4.4":
    version "7.4.4"
    resolved "https://registry.npm.taobao.org/@babel/plugin-proposal-decorators/download/@babel/plugin-proposal-decorators-7.4.4.tgz#de9b2a1a8ab0196f378e2a82f10b6e2a36f21cc0"
    dependencies:
      "@babel/helper-create-class-features-plugin" "^7.4.4"
      "@babel/helper-plugin-utils" "^7.0.0"
      "@babel/plugin-syntax-decorators" "^7.2.0"
  
  "@babel/plugin-proposal-export-default-from@^7.2.0":
    version "7.2.0"
    resolved "https://registry.npm.taobao.org/@babel/plugin-proposal-export-default-from/download/@babel/plugin-proposal-export-default-from-7.2.0.tgz#737b0da44b9254b6152fe29bb99c64e5691f6f68"
    dependencies:
      "@babel/helper-plugin-utils" "^7.0.0"
      "@babel/plugin-syntax-export-default-from" "^7.2.0"
  
  "@babel/plugin-proposal-object-rest-spread@^7.4.4":
    version "7.4.4"
    resolved "https://registry.npm.taobao.org/@babel/plugin-proposal-object-rest-spread/download/@babel/plugin-proposal-object-rest-spread-7.4.4.tgz#1ef173fcf24b3e2df92a678f027673b55e7e3005"
    dependencies:
      "@babel/helper-plugin-utils" "^7.0.0"
      "@babel/plugin-syntax-object-rest-spread" "^7.2.0"
  
  "@babel/plugin-syntax-decorators@^7.2.0":
    version "7.2.0"
    resolved "https://registry.npm.taobao.org/@babel/plugin-syntax-decorators/download/@babel/plugin-syntax-decorators-7.2.0.tgz#c50b1b957dcc69e4b1127b65e1c33eef61570c1b"
    dependencies:
      "@babel/helper-plugin-utils" "^7.0.0"
  
  "@babel/plugin-syntax-dynamic-import@^7.2.0":
    version "7.2.0"
    resolved "https://registry.npm.taobao.org/@babel/plugin-syntax-dynamic-import/download/@babel/plugin-syntax-dynamic-import-7.2.0.tgz#69c159ffaf4998122161ad8ebc5e6d1f55df8612"
    dependencies:
      "@babel/helper-plugin-utils" "^7.0.0"
  
  "@babel/plugin-syntax-export-default-from@^7.2.0":
    version "7.2.0"
    resolved "https://registry.npm.taobao.org/@babel/plugin-syntax-export-default-from/download/@babel/plugin-syntax-export-default-from-7.2.0.tgz#edd83b7adc2e0d059e2467ca96c650ab6d2f3820"
    dependencies:
      "@babel/helper-plugin-utils" "^7.0.0"
  
  "@babel/plugin-syntax-object-rest-spread@^7.2.0":
    version "7.2.0"
    resolved "https://registry.npm.taobao.org/@babel/plugin-syntax-object-rest-spread/download/@babel/plugin-syntax-object-rest-spread-7.2.0.tgz#3b7a3e733510c57e820b9142a6579ac8b0dfad2e"
    dependencies:
      "@babel/helper-plugin-utils" "^7.0.0"
  
  "@babel/runtime@7.3.4":
    version "7.3.4"
    resolved "https://registry.npm.taobao.org/@babel/runtime/download/@babel/runtime-7.3.4.tgz#73d12ba819e365fcf7fd152aed56d6df97d21c83"
    dependencies:
      regenerator-runtime "^0.12.0"
  
  "@babel/runtime@^7.0.0", "@babel/runtime@^7.1.2", "@babel/runtime@^7.4.2", "@babel/runtime@^7.4.3", "@babel/runtime@^7.4.4":
    version "7.4.4"
    resolved "https://registry.npm.taobao.org/@babel/runtime/download/@babel/runtime-7.4.4.tgz#dc2e34982eb236803aa27a07fea6857af1b9171d"
    dependencies:
      regenerator-runtime "^0.13.2"
  
  "@babel/template@^7.1.0", "@babel/template@^7.4.4":
    version "7.4.4"
    resolved "https://registry.npm.taobao.org/@babel/template/download/@babel/template-7.4.4.tgz#f4b88d1225689a08f5bc3a17483545be9e4ed237"
    dependencies:
      "@babel/code-frame" "^7.0.0"
      "@babel/parser" "^7.4.4"
      "@babel/types" "^7.4.4"
  
  "@babel/traverse@^7.4.4":
    version "7.4.4"
    resolved "https://registry.npm.taobao.org/@babel/traverse/download/@babel/traverse-7.4.4.tgz#0776f038f6d78361860b6823887d4f3937133fe8"
    dependencies:
      "@babel/code-frame" "^7.0.0"
      "@babel/generator" "^7.4.4"
      "@babel/helper-function-name" "^7.1.0"
      "@babel/helper-split-export-declaration" "^7.4.4"
      "@babel/parser" "^7.4.4"
      "@babel/types" "^7.4.4"
      debug "^4.1.0"
      globals "^11.1.0"
      lodash "^4.17.11"
  
  "@babel/types@^7.0.0", "@babel/types@^7.4.4":
    version "7.4.4"
    resolved "https://registry.npm.taobao.org/@babel/types/download/@babel/types-7.4.4.tgz#8db9e9a629bb7c29370009b4b779ed93fe57d5f0"
    dependencies:
      esutils "^2.0.2"
      lodash "^4.17.11"
      to-fast-properties "^2.0.0"
  
  "@emotion/cache@^10.0.9":
    version "10.0.9"
    resolved "https://registry.npm.taobao.org/@emotion/cache/download/@emotion/cache-10.0.9.tgz#e0c7b7a289f7530edcfad4dcf3858bd2e5700a6f"
    dependencies:
      "@emotion/sheet" "0.9.2"
      "@emotion/stylis" "0.8.3"
      "@emotion/utils" "0.11.1"
      "@emotion/weak-memoize" "0.2.2"
  
  "@emotion/core@^10.0.9":
    version "10.0.10"
    resolved "https://registry.npm.taobao.org/@emotion/core/download/@emotion/core-10.0.10.tgz#8d3114e5a2f8b178a7067c603a2937516f180b08"
    dependencies:
      "@emotion/cache" "^10.0.9"
      "@emotion/css" "^10.0.9"
      "@emotion/serialize" "^0.11.6"
      "@emotion/sheet" "0.9.2"
      "@emotion/utils" "0.11.1"
  
  "@emotion/css@^10.0.9":
    version "10.0.9"
    resolved "https://registry.npm.taobao.org/@emotion/css/download/@emotion/css-10.0.9.tgz#ea0df431965a308f6cb1d61386df8ad61e5befb5"
    dependencies:
      "@emotion/serialize" "^0.11.6"
      "@emotion/utils" "0.11.1"
      babel-plugin-emotion "^10.0.9"
  
  "@emotion/hash@0.7.1":
    version "0.7.1"
    resolved "https://registry.npm.taobao.org/@emotion/hash/download/@emotion/hash-0.7.1.tgz#9833722341379fb7d67f06a4b00ab3c37913da53"
  
  "@emotion/is-prop-valid@0.7.3":
    version "0.7.3"
    resolved "https://registry.npm.taobao.org/@emotion/is-prop-valid/download/@emotion/is-prop-valid-0.7.3.tgz#a6bf4fa5387cbba59d44e698a4680f481a8da6cc"
    dependencies:
      "@emotion/memoize" "0.7.1"
  
  "@emotion/memoize@0.7.1":
    version "0.7.1"
    resolved "https://registry.npm.taobao.org/@emotion/memoize/download/@emotion/memoize-0.7.1.tgz#e93c13942592cf5ef01aa8297444dc192beee52f"
  
  "@emotion/serialize@^0.11.6":
    version "0.11.6"
    resolved "https://registry.npm.taobao.org/@emotion/serialize/download/@emotion/serialize-0.11.6.tgz#78be8b9ee9ff49e0196233ba6ec1c1768ba1e1fc"
    dependencies:
      "@emotion/hash" "0.7.1"
      "@emotion/memoize" "0.7.1"
      "@emotion/unitless" "0.7.3"
      "@emotion/utils" "0.11.1"
      csstype "^2.5.7"
  
  "@emotion/sheet@0.9.2":
    version "0.9.2"
    resolved "https://registry.npm.taobao.org/@emotion/sheet/download/@emotion/sheet-0.9.2.tgz#74e5c6b5e489a1ba30ab246ab5eedd96916487c4"
  
  "@emotion/styled-base@^10.0.10":
    version "10.0.10"
    resolved "https://registry.npm.taobao.org/@emotion/styled-base/download/@emotion/styled-base-10.0.10.tgz#ffb811295c9dcd9b3c12bf93301d7d8bcb02e6f4"
    dependencies:
      "@emotion/is-prop-valid" "0.7.3"
      "@emotion/serialize" "^0.11.6"
      "@emotion/utils" "0.11.1"
      object-assign "^4.1.1"
  
  "@emotion/styled@^10.0.7":
    version "10.0.11"
    resolved "https://registry.npm.taobao.org/@emotion/styled/download/@emotion/styled-10.0.11.tgz#f749ca95bfe398b3e511b65ea14b16984f049e6d"
    dependencies:
      "@emotion/styled-base" "^10.0.10"
      babel-plugin-emotion "^10.0.9"
  
  "@emotion/stylis@0.8.3":
    version "0.8.3"
    resolved "https://registry.npm.taobao.org/@emotion/stylis/download/@emotion/stylis-0.8.3.tgz#3ca7e9bcb31b3cb4afbaeb66156d86ee85e23246"
  
  "@emotion/unitless@0.7.3":
    version "0.7.3"
    resolved "https://registry.npm.taobao.org/@emotion/unitless/download/@emotion/unitless-0.7.3.tgz#6310a047f12d21a1036fb031317219892440416f"
  
  "@emotion/utils@0.11.1":
    version "0.11.1"
    resolved "https://registry.npm.taobao.org/@emotion/utils/download/@emotion/utils-0.11.1.tgz#8529b7412a6eb4b48bdf6e720cc1b8e6e1e17628"
  
  "@emotion/weak-memoize@0.2.2":
    version "0.2.2"
    resolved "https://registry.npm.taobao.org/@emotion/weak-memoize/download/@emotion/weak-memoize-0.2.2.tgz#63985d3d8b02530e0869962f4da09142ee8e200e"
  
  "@reach/router@^1.2.1":
    version "1.2.1"
    resolved "https://registry.npm.taobao.org/@reach/router/download/@reach/router-1.2.1.tgz#34ae3541a5ac44fa7796e5506a5d7274a162be4e"
    dependencies:
      create-react-context "^0.2.1"
      invariant "^2.2.3"
      prop-types "^15.6.1"
      react-lifecycles-compat "^3.0.4"
      warning "^3.0.0"
  
  "@storybook/addons@5.1.0-beta.1":
    version "5.1.0-beta.1"
    resolved "https://registry.npm.taobao.org/@storybook/addons/download/@storybook/addons-5.1.0-beta.1.tgz#aecb2bc358e2243ad1651a0fe8826723a916933d"
    dependencies:
      "@storybook/api" "5.1.0-beta.1"
      "@storybook/channels" "5.1.0-beta.1"
      "@storybook/client-logger" "5.1.0-beta.1"
      core-js "^3.0.1"
      global "^4.3.2"
      util-deprecate "^1.0.2"
  
  "@storybook/api@5.1.0-beta.1":
    version "5.1.0-beta.1"
    resolved "https://registry.npm.taobao.org/@storybook/api/download/@storybook/api-5.1.0-beta.1.tgz#2258e57fd5cd14aaa6c22989e493c69c7eb801d3"
    dependencies:
      "@storybook/channels" "5.1.0-beta.1"
      "@storybook/client-logger" "5.1.0-beta.1"
      "@storybook/core-events" "5.1.0-beta.1"
      "@storybook/router" "5.1.0-beta.1"
      "@storybook/theming" "5.1.0-beta.1"
      core-js "^3.0.1"
      fast-deep-equal "^2.0.1"
      global "^4.3.2"
      lodash.isequal "^4.5.0"
      lodash.mergewith "^4.6.1"
      lodash.pick "^4.4.0"
      memoizerific "^1.11.3"
      prop-types "^15.6.2"
      react "^16.7.0"
      semver "^6.0.0"
      shallow-equal "^1.1.0"
      store2 "^2.7.1"
      telejson "^2.2.1"
      util-deprecate "^1.0.2"
  
  "@storybook/channels@5.1.0-beta.1":
    version "5.1.0-beta.1"
    resolved "https://registry.npm.taobao.org/@storybook/channels/download/@storybook/channels-5.1.0-beta.1.tgz#bc7f396102716485718f9aa72902f1966e7cd121"
    dependencies:
      core-js "^3.0.1"
  
  "@storybook/client-api@5.1.0-beta.1":
    version "5.1.0-beta.1"
    resolved "https://registry.npm.taobao.org/@storybook/client-api/download/@storybook/client-api-5.1.0-beta.1.tgz#16e537e29999dda7b8d2bcb2e94adf65bfe9dba4"
    dependencies:
      "@storybook/addons" "5.1.0-beta.1"
      "@storybook/client-logger" "5.1.0-beta.1"
      "@storybook/core-events" "5.1.0-beta.1"
      "@storybook/router" "5.1.0-beta.1"
      common-tags "^1.8.0"
      core-js "^3.0.1"
      eventemitter3 "^3.1.0"
      global "^4.3.2"
      is-plain-object "^2.0.4"
      lodash.debounce "^4.0.8"
      lodash.isequal "^4.5.0"
      lodash.mergewith "^4.6.1"
      memoizerific "^1.11.3"
      qs "^6.6.0"
  
  "@storybook/client-logger@5.1.0-beta.1":
    version "5.1.0-beta.1"
    resolved "https://registry.npm.taobao.org/@storybook/client-logger/download/@storybook/client-logger-5.1.0-beta.1.tgz#7d5999a603429d2728f4cd01bcfc4badabbdaee3"
    dependencies:
      core-js "^3.0.1"
  
  "@storybook/components@5.1.0-beta.1":
    version "5.1.0-beta.1"
    resolved "https://registry.npm.taobao.org/@storybook/components/download/@storybook/components-5.1.0-beta.1.tgz#8666f07fcf90d7f0e5dc72c73650fba2598d703c"
    dependencies:
      "@storybook/client-logger" "5.1.0-beta.1"
      "@storybook/theming" "5.1.0-beta.1"
      core-js "^3.0.1"
      global "^4.3.2"
      js-beautify "^1.8.9"
      markdown-to-jsx "^6.9.1"
      memoizerific "^1.11.3"
      polished "^3.0.0"
      popper.js "^1.14.7"
      prop-types "^15.7.2"
      react "^16.8.4"
      react-dom "^16.8.4"
      react-focus-lock "^1.18.3"
      react-helmet-async "^1.0.2"
      react-popper-tooltip "^2.8.0"
      react-syntax-highlighter "^8.0.1"
      react-textarea-autosize "^7.1.0"
      recompose "^0.30.0"
      simplebar-react "^1.0.0-alpha.6"
  
  "@storybook/core-events@5.1.0-beta.1":
    version "5.1.0-beta.1"
    resolved "https://registry.npm.taobao.org/@storybook/core-events/download/@storybook/core-events-5.1.0-beta.1.tgz#c3365cc90ebc1476aa649cf0ff8c2de19dbd667c"
    dependencies:
      core-js "^3.0.1"
  
  "@storybook/router@5.1.0-beta.1":
    version "5.1.0-beta.1"
    resolved "https://registry.npm.taobao.org/@storybook/router/download/@storybook/router-5.1.0-beta.1.tgz#d08bbb4c427bbb06e479fcad4cde3a73da3a85c7"
    dependencies:
      "@reach/router" "^1.2.1"
      core-js "^3.0.1"
      global "^4.3.2"
      memoizerific "^1.11.3"
      qs "^6.6.0"
  
  "@storybook/theming@5.1.0-beta.1":
    version "5.1.0-beta.1"
    resolved "https://registry.npm.taobao.org/@storybook/theming/download/@storybook/theming-5.1.0-beta.1.tgz#e9dee48c9a68837578e36de86c445d666785edfc"
    dependencies:
      "@emotion/core" "^10.0.9"
      "@emotion/styled" "^10.0.7"
      "@storybook/client-logger" "5.1.0-beta.1"
      common-tags "^1.8.0"
      core-js "^3.0.1"
      deep-object-diff "^1.1.0"
      emotion-theming "^10.0.9"
      global "^4.3.2"
      lodash.isequal "^4.5.0"
      lodash.mergewith "^4.6.1"
      memoizerific "^1.11.3"
      polished "^3.0.0"
      prop-types "^15.7.2"
      react-inspector "^3.0.2"
  
  abbrev@1:
    version "1.1.1"
    resolved "https://registry.npm.taobao.org/abbrev/download/abbrev-1.1.1.tgz#f8f2c887ad10bf67f634f005b6987fed3179aac8"
  
  ansi-styles@^3.2.1:
    version "3.2.1"
    resolved "https://registry.npm.taobao.org/ansi-styles/download/ansi-styles-3.2.1.tgz#41fbb20243e50b12be0f04b8dedbf07520ce841d"
    dependencies:
      color-convert "^1.9.0"
  
  argparse@^1.0.7:
    version "1.0.10"
    resolved "https://registry.npm.taobao.org/argparse/download/argparse-1.0.10.tgz#bcd6791ea5ae09725e17e5ad988134cd40b3d911"
    dependencies:
      sprintf-js "~1.0.2"
  
  asap@~2.0.3:
    version "2.0.6"
    resolved "https://registry.npm.taobao.org/asap/download/asap-2.0.6.tgz#e50347611d7e690943208bbdafebcbc2fb866d46"
  
  babel-plugin-emotion@^10.0.9:
    version "10.0.9"
    resolved "https://registry.npm.taobao.org/babel-plugin-emotion/download/babel-plugin-emotion-10.0.9.tgz#04a0404d5a4084d5296357a393d344c0f8303ae4"
    dependencies:
      "@babel/helper-module-imports" "^7.0.0"
      "@emotion/hash" "0.7.1"
      "@emotion/memoize" "0.7.1"
      "@emotion/serialize" "^0.11.6"
      babel-plugin-macros "^2.0.0"
      babel-plugin-syntax-jsx "^6.18.0"
      convert-source-map "^1.5.0"
      escape-string-regexp "^1.0.5"
      find-root "^1.1.0"
      source-map "^0.5.7"
  
  babel-plugin-macros@^2.0.0:
    version "2.5.1"
    resolved "https://registry.npm.taobao.org/babel-plugin-macros/download/babel-plugin-macros-2.5.1.tgz#4a119ac2c2e19b458c259b9accd7ee34fd57ec6f"
    dependencies:
      "@babel/runtime" "^7.4.2"
      cosmiconfig "^5.2.0"
      resolve "^1.10.0"
  
  babel-plugin-syntax-jsx@^6.18.0:
    version "6.18.0"
    resolved "https://registry.npm.taobao.org/babel-plugin-syntax-jsx/download/babel-plugin-syntax-jsx-6.18.0.tgz#0af32a9a6e13ca7a3fd5069e62d7b0f58d0d8946"
  
  babel-runtime@^6.18.0, babel-runtime@^6.26.0:
    version "6.26.0"
    resolved "https://registry.npm.taobao.org/babel-runtime/download/babel-runtime-6.26.0.tgz#965c7058668e82b55d7bfe04ff2337bc8b5647fe"
    dependencies:
      core-js "^2.4.0"
      regenerator-runtime "^0.11.0"
  
  balanced-match@^1.0.0:
    version "1.0.0"
    resolved "https://registry.npm.taobao.org/balanced-match/download/balanced-match-1.0.0.tgz#89b4d199ab2bee49de164ea02b89ce462d71b767"
  
  big.js@^5.2.2:
    version "5.2.2"
    resolved "https://registry.npm.taobao.org/big.js/download/big.js-5.2.2.tgz#65f0af382f578bcdc742bd9c281e9cb2d7768328"
  
  brace-expansion@^1.1.7:
    version "1.1.11"
    resolved "https://registry.npm.taobao.org/brace-expansion/download/brace-expansion-1.1.11.tgz#3c7fcbf529d87226f3d2f52b966ff5271eb441dd"
    dependencies:
      balanced-match "^1.0.0"
      concat-map "0.0.1"
  
  caller-callsite@^2.0.0:
    version "2.0.0"
    resolved "https://registry.npm.taobao.org/caller-callsite/download/caller-callsite-2.0.0.tgz#847e0fce0a223750a9a027c54b33731ad3154134"
    dependencies:
      callsites "^2.0.0"
  
  caller-path@^2.0.0:
    version "2.0.0"
    resolved "https://registry.npm.taobao.org/caller-path/download/caller-path-2.0.0.tgz#468f83044e369ab2010fac5f06ceee15bb2cb1f4"
    dependencies:
      caller-callsite "^2.0.0"
  
  callsites@^2.0.0:
    version "2.0.0"
    resolved "https://registry.npm.taobao.org/callsites/download/callsites-2.0.0.tgz#06eb84f00eea413da86affefacbffb36093b3c50"
  
  can-use-dom@^0.1.0:
    version "0.1.0"
    resolved "https://registry.npm.taobao.org/can-use-dom/download/can-use-dom-0.1.0.tgz#22cc4a34a0abc43950f42c6411024a3f6366b45a"
  
  chalk@^2.0.0:
    version "2.4.2"
    resolved "https://registry.npm.taobao.org/chalk/download/chalk-2.4.2.tgz#cd42541677a54333cf541a49108c1432b44c9424"
    dependencies:
      ansi-styles "^3.2.1"
      escape-string-regexp "^1.0.5"
      supports-color "^5.3.0"
  
  change-emitter@^0.1.2:
    version "0.1.6"
    resolved "https://registry.npm.taobao.org/change-emitter/download/change-emitter-0.1.6.tgz#e8b2fe3d7f1ab7d69a32199aff91ea6931409515"
  
  character-entities-legacy@^1.0.0:
    version "1.1.3"
    resolved "https://registry.npm.taobao.org/character-entities-legacy/download/character-entities-legacy-1.1.3.tgz#3c729991d9293da0ede6dddcaf1f2ce1009ee8b4"
  
  character-entities@^1.0.0:
    version "1.2.3"
    resolved "https://registry.npm.taobao.org/character-entities/download/character-entities-1.2.3.tgz#bbed4a52fe7ef98cc713c6d80d9faa26916d54e6"
  
  character-reference-invalid@^1.0.0:
    version "1.1.3"
    resolved "https://registry.npm.taobao.org/character-reference-invalid/download/character-reference-invalid-1.1.3.tgz#1647f4f726638d3ea4a750cf5d1975c1c7919a85"
  
  clipboard@^2.0.0:
    version "2.0.4"
    resolved "https://registry.npm.taobao.org/clipboard/download/clipboard-2.0.4.tgz#836dafd66cf0fea5d71ce5d5b0bf6e958009112d"
    dependencies:
      good-listener "^1.2.2"
      select "^1.1.2"
      tiny-emitter "^2.0.0"
  
  color-convert@^1.9.0:
    version "1.9.3"
    resolved "https://registry.npm.taobao.org/color-convert/download/color-convert-1.9.3.tgz#bb71850690e1f136567de629d2d5471deda4c1e8"
    dependencies:
      color-name "1.1.3"
  
  color-name@1.1.3:
    version "1.1.3"
    resolved "https://registry.npm.taobao.org/color-name/download/color-name-1.1.3.tgz#a7d0558bd89c42f795dd42328f740831ca53bc25"
  
  comma-separated-tokens@^1.0.0:
    version "1.0.7"
    resolved "https://registry.npm.taobao.org/comma-separated-tokens/download/comma-separated-tokens-1.0.7.tgz#419cd7fb3258b1ed838dc0953167a25e152f5b59"
  
  commander@^2.19.0:
    version "2.20.0"
    resolved "https://registry.npm.taobao.org/commander/download/commander-2.20.0.tgz#d58bb2b5c1ee8f87b0d340027e9e94e222c5a422"
  
  common-tags@^1.8.0:
    version "1.8.0"
    resolved "https://registry.npm.taobao.org/common-tags/download/common-tags-1.8.0.tgz#8e3153e542d4a39e9b10554434afaaf98956a937"
  
  concat-map@0.0.1:
    version "0.0.1"
    resolved "https://registry.npm.taobao.org/concat-map/download/concat-map-0.0.1.tgz#d8a96bd77fd68df7793a73036a3ba0d5405d477b"
  
  config-chain@^1.1.12:
    version "1.1.12"
    resolved "https://registry.npm.taobao.org/config-chain/download/config-chain-1.1.12.tgz#0fde8d091200eb5e808caf25fe618c02f48e4efa"
    dependencies:
      ini "^1.3.4"
      proto-list "~1.2.1"
  
  convert-source-map@^1.1.0, convert-source-map@^1.5.0:
    version "1.6.0"
    resolved "https://registry.npm.taobao.org/convert-source-map/download/convert-source-map-1.6.0.tgz#51b537a8c43e0f04dec1993bffcdd504e758ac20"
    dependencies:
      safe-buffer "~5.1.1"
  
  copy-to-clipboard@^3.0.8:
    version "3.2.0"
    resolved "https://registry.npm.taobao.org/copy-to-clipboard/download/copy-to-clipboard-3.2.0.tgz#d2724a3ccbfed89706fac8a894872c979ac74467"
    dependencies:
      toggle-selection "^1.0.6"
  
  core-js@^1.0.0:
    version "1.2.7"
    resolved "https://registry.npm.taobao.org/core-js/download/core-js-1.2.7.tgz#652294c14651db28fa93bd2d5ff2983a4f08c636"
  
  core-js@^2.4.0:
    version "2.6.5"
    resolved "https://registry.npm.taobao.org/core-js/download/core-js-2.6.5.tgz#44bc8d249e7fb2ff5d00e0341a7ffb94fbf67895"
  
  core-js@^3.0.1:
    version "3.0.1"
    resolved "https://registry.npm.taobao.org/core-js/download/core-js-3.0.1.tgz#1343182634298f7f38622f95e73f54e48ddf4738"
  
  cosmiconfig@^5.2.0:
    version "5.2.1"
    resolved "https://registry.npm.taobao.org/cosmiconfig/download/cosmiconfig-5.2.1.tgz#040f726809c591e77a17c0a3626ca45b4f168b1a"
    dependencies:
      import-fresh "^2.0.0"
      is-directory "^0.3.1"
      js-yaml "^3.13.1"
      parse-json "^4.0.0"
  
  create-react-context@<=0.2.2:
    version "0.2.2"
    resolved "https://registry.npm.taobao.org/create-react-context/download/create-react-context-0.2.2.tgz#9836542f9aaa22868cd7d4a6f82667df38019dca"
    dependencies:
      fbjs "^0.8.0"
      gud "^1.0.0"
  
  create-react-context@^0.2.1:
    version "0.2.3"
    resolved "https://registry.npm.taobao.org/create-react-context/download/create-react-context-0.2.3.tgz#9ec140a6914a22ef04b8b09b7771de89567cb6f3"
    dependencies:
      fbjs "^0.8.0"
      gud "^1.0.0"
  
  csstype@^2.5.7:
    version "2.6.4"
    resolved "https://registry.npm.taobao.org/csstype/download/csstype-2.6.4.tgz#d585a6062096e324e7187f80e04f92bd0f00e37f"
  
  debug@^4.1.0:
    version "4.1.1"
    resolved "https://registry.npm.taobao.org/debug/download/debug-4.1.1.tgz#3b72260255109c6b589cee050f1d516139664791"
    dependencies:
      ms "^2.1.1"
  
  deep-object-diff@^1.1.0:
    version "1.1.0"
    resolved "https://registry.npm.taobao.org/deep-object-diff/download/deep-object-diff-1.1.0.tgz#d6fabf476c2ed1751fc94d5ca693d2ed8c18bc5a"
  
  delegate@^3.1.2:
    version "3.2.0"
    resolved "https://registry.npm.taobao.org/delegate/download/delegate-3.2.0.tgz#b66b71c3158522e8ab5744f720d8ca0c2af59166"
  
  dom-walk@^0.1.0:
    version "0.1.1"
    resolved "https://registry.npm.taobao.org/dom-walk/download/dom-walk-0.1.1.tgz#672226dc74c8f799ad35307df936aba11acd6018"
  
  editorconfig@^0.15.3:
    version "0.15.3"
    resolved "https://registry.npm.taobao.org/editorconfig/download/editorconfig-0.15.3.tgz#bef84c4e75fb8dcb0ce5cee8efd51c15999befc5"
    dependencies:
      commander "^2.19.0"
      lru-cache "^4.1.5"
      semver "^5.6.0"
      sigmund "^1.0.1"
  
  emojis-list@^2.0.0:
    version "2.1.0"
    resolved "https://registry.npm.taobao.org/emojis-list/download/emojis-list-2.1.0.tgz#4daa4d9db00f9819880c79fa457ae5b09a1fd389"
  
  emotion-theming@^10.0.9:
    version "10.0.10"
    resolved "https://registry.npm.taobao.org/emotion-theming/download/emotion-theming-10.0.10.tgz#efe8751119751bdc70fdc1795fe4cde0fb0cf14c"
    dependencies:
      "@emotion/weak-memoize" "0.2.2"
      hoist-non-react-statics "^3.3.0"
      object-assign "^4.1.1"
  
  encoding@^0.1.11:
    version "0.1.12"
    resolved "https://registry.npm.taobao.org/encoding/download/encoding-0.1.12.tgz#538b66f3ee62cd1ab51ec323829d1f9480c74beb"
    dependencies:
      iconv-lite "~0.4.13"
  
  error-ex@^1.3.1:
    version "1.3.2"
    resolved "https://registry.npm.taobao.org/error-ex/download/error-ex-1.3.2.tgz#b4ac40648107fdcdcfae242f428bea8a14d4f1bf"
    dependencies:
      is-arrayish "^0.2.1"
  
  escape-string-regexp@^1.0.5:
    version "1.0.5"
    resolved "https://registry.npm.taobao.org/escape-string-regexp/download/escape-string-regexp-1.0.5.tgz#1b61c0562190a8dff6ae3bb2cf0200ca130b86d4"
  
  esprima@^4.0.0:
    version "4.0.1"
    resolved "https://registry.npm.taobao.org/esprima/download/esprima-4.0.1.tgz#13b04cdb3e6c5d19df91ab6987a8695619b0aa71"
  
  estraverse@^4.2.0:
    version "4.2.0"
    resolved "https://registry.npm.taobao.org/estraverse/download/estraverse-4.2.0.tgz#0dee3fed31fcd469618ce7342099fc1afa0bdb13"
  
  esutils@^2.0.2:
    version "2.0.2"
    resolved "https://registry.npm.taobao.org/esutils/download/esutils-2.0.2.tgz#0abf4f1caa5bcb1f7a9d8acc6dea4faaa04bac9b"
  
  eventemitter3@^3.1.0:
    version "3.1.2"
    resolved "https://registry.npm.taobao.org/eventemitter3/download/eventemitter3-3.1.2.tgz#2d3d48f9c346698fce83a85d7d664e98535df6e7"
  
  fast-deep-equal@^2.0.1:
    version "2.0.1"
    resolved "https://registry.npm.taobao.org/fast-deep-equal/download/fast-deep-equal-2.0.1.tgz#7b05218ddf9667bf7f370bf7fdb2cb15fdd0aa49"
  
  fault@^1.0.2:
    version "1.0.3"
    resolved "https://registry.npm.taobao.org/fault/download/fault-1.0.3.tgz#4da88cf979b6b792b4e13c7ec836767725170b7e"
    dependencies:
      format "^0.2.2"
  
  fbjs@^0.8.0, fbjs@^0.8.1:
    version "0.8.17"
    resolved "https://registry.npm.taobao.org/fbjs/download/fbjs-0.8.17.tgz#c4d598ead6949112653d6588b01a5cdcd9f90fdd"
    dependencies:
      core-js "^1.0.0"
      isomorphic-fetch "^2.1.1"
      loose-envify "^1.0.0"
      object-assign "^4.1.0"
      promise "^7.1.1"
      setimmediate "^1.0.5"
      ua-parser-js "^0.7.18"
  
  find-root@^1.1.0:
    version "1.1.0"
    resolved "https://registry.npm.taobao.org/find-root/download/find-root-1.1.0.tgz#abcfc8ba76f708c42a97b3d685b7e9450bfb9ce4"
  
  focus-lock@^0.6.3:
    version "0.6.3"
    resolved "https://registry.npm.taobao.org/focus-lock/download/focus-lock-0.6.3.tgz#ef0e82ebac0023f841039d60bf329725d6438028"
  
  format@^0.2.2:
    version "0.2.2"
    resolved "https://registry.npm.taobao.org/format/download/format-0.2.2.tgz#d6170107e9efdc4ed30c9dc39016df942b5cb58b"
  
  fs.realpath@^1.0.0:
    version "1.0.0"
    resolved "https://registry.npm.taobao.org/fs.realpath/download/fs.realpath-1.0.0.tgz#1504ad2523158caa40db4a2787cb01411994ea4f"
  
  function-bind@^1.1.1:
    version "1.1.1"
    resolved "https://registry.npm.taobao.org/function-bind/download/function-bind-1.1.1.tgz#a56899d3ea3c9bab874bb9773b7c5ede92f4895d"
  
  glob@^7.1.3:
    version "7.1.4"
    resolved "https://registry.npm.taobao.org/glob/download/glob-7.1.4.tgz?cache=0&other_urls=https%3A%2F%2Fregistry.npm.taobao.org%2Fglob%2Fdownload%2Fglob-7.1.4.tgz#aa608a2f6c577ad357e1ae5a5c26d9a8d1969255"
    dependencies:
      fs.realpath "^1.0.0"
      inflight "^1.0.4"
      inherits "2"
      minimatch "^3.0.4"
      once "^1.3.0"
      path-is-absolute "^1.0.0"
  
  global@^4.3.2:
    version "4.3.2"
    resolved "https://registry.npm.taobao.org/global/download/global-4.3.2.tgz#e76989268a6c74c38908b1305b10fc0e394e9d0f"
    dependencies:
      min-document "^2.19.0"
      process "~0.5.1"
  
  globals@^11.1.0:
    version "11.12.0"
    resolved "https://registry.npm.taobao.org/globals/download/globals-11.12.0.tgz#ab8795338868a0babd8525758018c2a7eb95c42e"
  
  good-listener@^1.2.2:
    version "1.2.2"
    resolved "https://registry.npm.taobao.org/good-listener/download/good-listener-1.2.2.tgz#d53b30cdf9313dffb7dc9a0d477096aa6d145c50"
    dependencies:
      delegate "^3.1.2"
  
  gud@^1.0.0:
    version "1.0.0"
    resolved "https://registry.npm.taobao.org/gud/download/gud-1.0.0.tgz#a489581b17e6a70beca9abe3ae57de7a499852c0"
  
  has-flag@^3.0.0:
    version "3.0.0"
    resolved "https://registry.npm.taobao.org/has-flag/download/has-flag-3.0.0.tgz#b5d454dc2199ae225699f3467e5a07f3b955bafd"
  
  has-symbols@^1.0.0:
    version "1.0.0"
    resolved "https://registry.npm.taobao.org/has-symbols/download/has-symbols-1.0.0.tgz#ba1a8f1af2a0fc39650f5c850367704122063b44"
  
  has@^1.0.1:
    version "1.0.3"
    resolved "https://registry.npm.taobao.org/has/download/has-1.0.3.tgz#722d7cbfc1f6aa8241f16dd814e011e1f41e8796"
    dependencies:
      function-bind "^1.1.1"
  
  hast-util-parse-selector@^2.2.0:
    version "2.2.1"
    resolved "https://registry.npm.taobao.org/hast-util-parse-selector/download/hast-util-parse-selector-2.2.1.tgz#4ddbae1ae12c124e3eb91b581d2556441766f0ab"
  
  hastscript@^5.0.0:
    version "5.0.0"
    resolved "https://registry.npm.taobao.org/hastscript/download/hastscript-5.0.0.tgz#fee10382c1bc4ba3f1be311521d368c047d2c43a"
    dependencies:
      comma-separated-tokens "^1.0.0"
      hast-util-parse-selector "^2.2.0"
      property-information "^5.0.1"
      space-separated-tokens "^1.0.0"
  
  highlight.js@~9.12.0:
    version "9.12.0"
    resolved "https://registry.npm.taobao.org/highlight.js/download/highlight.js-9.12.0.tgz#e6d9dbe57cbefe60751f02af336195870c90c01e"
  
  hoist-non-react-statics@^2.3.1:
    version "2.5.5"
    resolved "https://registry.npm.taobao.org/hoist-non-react-statics/download/hoist-non-react-statics-2.5.5.tgz#c5903cf409c0dfd908f388e619d86b9c1174cb47"
  
  hoist-non-react-statics@^3.3.0:
    version "3.3.0"
    resolved "https://registry.npm.taobao.org/hoist-non-react-statics/download/hoist-non-react-statics-3.3.0.tgz#b09178f0122184fb95acf525daaecb4d8f45958b"
    dependencies:
      react-is "^16.7.0"
  
  iconv-lite@~0.4.13:
    version "0.4.24"
    resolved "https://registry.npm.taobao.org/iconv-lite/download/iconv-lite-0.4.24.tgz#2022b4b25fbddc21d2f524974a474aafe733908b"
    dependencies:
      safer-buffer ">= 2.1.2 < 3"
  
  import-fresh@^2.0.0:
    version "2.0.0"
    resolved "https://registry.npm.taobao.org/import-fresh/download/import-fresh-2.0.0.tgz#d81355c15612d386c61f9ddd3922d4304822a546"
    dependencies:
      caller-path "^2.0.0"
      resolve-from "^3.0.0"
  
  inflight@^1.0.4:
    version "1.0.6"
    resolved "https://registry.npm.taobao.org/inflight/download/inflight-1.0.6.tgz#49bd6331d7d02d0c09bc910a1075ba8165b56df9"
    dependencies:
      once "^1.3.0"
      wrappy "1"
  
  inherits@2:
    version "2.0.3"
    resolved "https://registry.npm.taobao.org/inherits/download/inherits-2.0.3.tgz#633c2c83e3da42a502f52466022480f4208261de"
  
  ini@^1.3.4:
    version "1.3.5"
    resolved "https://registry.npm.taobao.org/ini/download/ini-1.3.5.tgz#eee25f56db1c9ec6085e0c22778083f596abf927"
  
  invariant@2.2.4, invariant@^2.2.3:
    version "2.2.4"
    resolved "https://registry.npm.taobao.org/invariant/download/invariant-2.2.4.tgz#610f3c92c9359ce1db616e538008d23ff35158e6"
    dependencies:
      loose-envify "^1.0.0"
  
  is-alphabetical@^1.0.0:
    version "1.0.3"
    resolved "https://registry.npm.taobao.org/is-alphabetical/download/is-alphabetical-1.0.3.tgz#eb04cc47219a8895d8450ace4715abff2258a1f8"
  
  is-alphanumerical@^1.0.0:
    version "1.0.3"
    resolved "https://registry.npm.taobao.org/is-alphanumerical/download/is-alphanumerical-1.0.3.tgz#57ae21c374277b3defe0274c640a5704b8f6657c"
    dependencies:
      is-alphabetical "^1.0.0"
      is-decimal "^1.0.0"
  
  is-arrayish@^0.2.1:
    version "0.2.1"
    resolved "https://registry.npm.taobao.org/is-arrayish/download/is-arrayish-0.2.1.tgz#77c99840527aa8ecb1a8ba697b80645a7a926a9d"
  
  is-decimal@^1.0.0:
    version "1.0.3"
    resolved "https://registry.npm.taobao.org/is-decimal/download/is-decimal-1.0.3.tgz#381068759b9dc807d8c0dc0bfbae2b68e1da48b7"
  
  is-directory@^0.3.1:
    version "0.3.1"
    resolved "https://registry.npm.taobao.org/is-directory/download/is-directory-0.3.1.tgz#61339b6f2475fc772fd9c9d83f5c8575dc154ae1"
  
  is-dom@^1.0.9:
    version "1.0.9"
    resolved "https://registry.npm.taobao.org/is-dom/download/is-dom-1.0.9.tgz#483832d52972073de12b9fe3f60320870da8370d"
  
  is-function@^1.0.1:
    version "1.0.1"
    resolved "https://registry.npm.taobao.org/is-function/download/is-function-1.0.1.tgz#12cfb98b65b57dd3d193a3121f5f6e2f437602b5"
  
  is-hexadecimal@^1.0.0:
    version "1.0.3"
    resolved "https://registry.npm.taobao.org/is-hexadecimal/download/is-hexadecimal-1.0.3.tgz#e8a426a69b6d31470d3a33a47bb825cda02506ee"
  
  is-plain-object@^2.0.4:
    version "2.0.4"
    resolved "https://registry.npm.taobao.org/is-plain-object/download/is-plain-object-2.0.4.tgz#2c163b3fafb1b606d9d17928f05c2a1c38e07677"
    dependencies:
      isobject "^3.0.1"
  
  is-regex@^1.0.4:
    version "1.0.4"
    resolved "https://registry.npm.taobao.org/is-regex/download/is-regex-1.0.4.tgz#5517489b547091b0930e095654ced25ee97e9491"
    dependencies:
      has "^1.0.1"
  
  is-stream@^1.0.1:
    version "1.1.0"
    resolved "https://registry.npm.taobao.org/is-stream/download/is-stream-1.1.0.tgz#12d4a3dd4e68e0b79ceb8dbc84173ae80d91ca44"
  
  is-symbol@^1.0.2:
    version "1.0.2"
    resolved "https://registry.npm.taobao.org/is-symbol/download/is-symbol-1.0.2.tgz#a055f6ae57192caee329e7a860118b497a950f38"
    dependencies:
      has-symbols "^1.0.0"
  
  isobject@^3.0.1:
    version "3.0.1"
    resolved "https://registry.npm.taobao.org/isobject/download/isobject-3.0.1.tgz#4e431e92b11a9731636aa1f9c8d1ccbcfdab78df"
  
  isomorphic-fetch@^2.1.1:
    version "2.2.1"
    resolved "https://registry.npm.taobao.org/isomorphic-fetch/download/isomorphic-fetch-2.2.1.tgz#611ae1acf14f5e81f729507472819fe9733558a9"
    dependencies:
      node-fetch "^1.0.1"
      whatwg-fetch ">=0.10.0"
  
  js-beautify@^1.8.9:
    version "1.10.0"
    resolved "https://registry.npm.taobao.org/js-beautify/download/js-beautify-1.10.0.tgz#9753a13c858d96828658cd18ae3ca0e5783ea672"
    dependencies:
      config-chain "^1.1.12"
      editorconfig "^0.15.3"
      glob "^7.1.3"
      mkdirp "~0.5.1"
      nopt "~4.0.1"
  
  "js-tokens@^3.0.0 || ^4.0.0", js-tokens@^4.0.0:
    version "4.0.0"
    resolved "https://registry.npm.taobao.org/js-tokens/download/js-tokens-4.0.0.tgz#19203fb59991df98e3a287050d4647cdeaf32499"
  
  js-yaml@^3.13.1:
    version "3.13.1"
    resolved "https://registry.npm.taobao.org/js-yaml/download/js-yaml-3.13.1.tgz?cache=0&other_urls=https%3A%2F%2Fregistry.npm.taobao.org%2Fjs-yaml%2Fdownload%2Fjs-yaml-3.13.1.tgz#aff151b30bfdfa8e49e05da22e7415e9dfa37847"
    dependencies:
      argparse "^1.0.7"
      esprima "^4.0.0"
  
  jsesc@^2.5.1:
    version "2.5.2"
    resolved "https://registry.npm.taobao.org/jsesc/download/jsesc-2.5.2.tgz#80564d2e483dacf6e8ef209650a67df3f0c283a4"
  
  json-parse-better-errors@^1.0.1:
    version "1.0.2"
    resolved "https://registry.npm.taobao.org/json-parse-better-errors/download/json-parse-better-errors-1.0.2.tgz#bb867cfb3450e69107c131d1c514bab3dc8bcaa9"
  
  json5@^1.0.1:
    version "1.0.1"
    resolved "https://registry.npm.taobao.org/json5/download/json5-1.0.1.tgz#779fb0018604fa854eacbf6252180d83543e3dbe"
    dependencies:
      minimist "^1.2.0"
  
  json5@^2.1.0:
    version "2.1.0"
    resolved "https://registry.npm.taobao.org/json5/download/json5-2.1.0.tgz#e7a0c62c48285c628d20a10b85c89bb807c32850"
    dependencies:
      minimist "^1.2.0"
  
  loader-utils@^1.2.3:
    version "1.2.3"
    resolved "https://registry.npm.taobao.org/loader-utils/download/loader-utils-1.2.3.tgz#1ff5dc6911c9f0a062531a4c04b609406108c2c7"
    dependencies:
      big.js "^5.2.2"
      emojis-list "^2.0.0"
      json5 "^1.0.1"
  
  lodash.debounce@^4.0.8:
    version "4.0.8"
    resolved "https://registry.npm.taobao.org/lodash.debounce/download/lodash.debounce-4.0.8.tgz#82d79bff30a67c4005ffd5e2515300ad9ca4d7af"
  
  lodash.get@^4.4.2:
    version "4.4.2"
    resolved "https://registry.npm.taobao.org/lodash.get/download/lodash.get-4.4.2.tgz#2d177f652fa31e939b4438d5341499dfa3825e99"
  
  lodash.isequal@^4.5.0:
    version "4.5.0"
    resolved "https://registry.npm.taobao.org/lodash.isequal/download/lodash.isequal-4.5.0.tgz#415c4478f2bcc30120c22ce10ed3226f7d3e18e0"
  
  lodash.memoize@^4.1.2:
    version "4.1.2"
    resolved "https://registry.npm.taobao.org/lodash.memoize/download/lodash.memoize-4.1.2.tgz#bcc6c49a42a2840ed997f323eada5ecd182e0bfe"
  
  lodash.mergewith@^4.6.1:
    version "4.6.1"
    resolved "https://registry.npm.taobao.org/lodash.mergewith/download/lodash.mergewith-4.6.1.tgz#639057e726c3afbdb3e7d42741caa8d6e4335927"
  
  lodash.pick@^4.4.0:
    version "4.4.0"
    resolved "https://registry.npm.taobao.org/lodash.pick/download/lodash.pick-4.4.0.tgz#52f05610fff9ded422611441ed1fc123a03001b3"
  
  lodash.throttle@^4.1.1:
    version "4.1.1"
    resolved "https://registry.npm.taobao.org/lodash.throttle/download/lodash.throttle-4.1.1.tgz#c23e91b710242ac70c37f1e1cda9274cc39bf2f4"
  
  lodash@^4.17.11:
    version "4.17.11"
    resolved "https://registry.npm.taobao.org/lodash/download/lodash-4.17.11.tgz?cache=0&other_urls=https%3A%2F%2Fregistry.npm.taobao.org%2Flodash%2Fdownload%2Flodash-4.17.11.tgz#b39ea6229ef607ecd89e2c8df12536891cac9b8d"
  
  loose-envify@^1.0.0, loose-envify@^1.1.0, loose-envify@^1.4.0:
    version "1.4.0"
    resolved "https://registry.npm.taobao.org/loose-envify/download/loose-envify-1.4.0.tgz#71ee51fa7be4caec1a63839f7e682d8132d30caf"
    dependencies:
      js-tokens "^3.0.0 || ^4.0.0"
  
  lowlight@~1.9.1:
    version "1.9.2"
    resolved "https://registry.npm.taobao.org/lowlight/download/lowlight-1.9.2.tgz#0b9127e3cec2c3021b7795dd81005c709a42fdd1"
    dependencies:
      fault "^1.0.2"
      highlight.js "~9.12.0"
  
  lru-cache@^4.1.5:
    version "4.1.5"
    resolved "https://registry.npm.taobao.org/lru-cache/download/lru-cache-4.1.5.tgz#8bbe50ea85bed59bc9e33dcab8235ee9bcf443cd"
    dependencies:
      pseudomap "^1.0.2"
      yallist "^2.1.2"
  
  map-or-similar@^1.5.0:
    version "1.5.0"
    resolved "https://registry.npm.taobao.org/map-or-similar/download/map-or-similar-1.5.0.tgz#6de2653174adfb5d9edc33c69d3e92a1b76faf08"
  
  markdown-to-jsx@^6.9.1:
    version "6.9.4"
    resolved "https://registry.npm.taobao.org/markdown-to-jsx/download/markdown-to-jsx-6.9.4.tgz#ed1e6925e643f7a0ee2fed90f28d16b4402aad09"
    dependencies:
      prop-types "^15.6.2"
      unquote "^1.1.0"
  
  memoizerific@^1.11.3:
    version "1.11.3"
    resolved "https://registry.npm.taobao.org/memoizerific/download/memoizerific-1.11.3.tgz#7c87a4646444c32d75438570905f2dbd1b1a805a"
    dependencies:
      map-or-similar "^1.5.0"
  
  min-document@^2.19.0:
    version "2.19.0"
    resolved "https://registry.npm.taobao.org/min-document/download/min-document-2.19.0.tgz#7bd282e3f5842ed295bb748cdd9f1ffa2c824685"
    dependencies:
      dom-walk "^0.1.0"
  
  minimatch@^3.0.4:
    version "3.0.4"
    resolved "https://registry.npm.taobao.org/minimatch/download/minimatch-3.0.4.tgz?cache=0&other_urls=https%3A%2F%2Fregistry.npm.taobao.org%2Fminimatch%2Fdownload%2Fminimatch-3.0.4.tgz#5166e286457f03306064be5497e8dbb0c3d32083"
    dependencies:
      brace-expansion "^1.1.7"
  
  minimist@0.0.8:
    version "0.0.8"
    resolved "https://registry.npm.taobao.org/minimist/download/minimist-0.0.8.tgz#857fcabfc3397d2625b8228262e86aa7a011b05d"
  
  minimist@^1.2.0:
    version "1.2.0"
    resolved "https://registry.npm.taobao.org/minimist/download/minimist-1.2.0.tgz#a35008b20f41383eec1fb914f4cd5df79a264284"
  
  mkdirp@~0.5.1:
    version "0.5.1"
    resolved "https://registry.npm.taobao.org/mkdirp/download/mkdirp-0.5.1.tgz#30057438eac6cf7f8c4767f38648d6697d75c903"
    dependencies:
      minimist "0.0.8"
  
  ms@^2.1.1:
    version "2.1.1"
    resolved "https://registry.npm.taobao.org/ms/download/ms-2.1.1.tgz#30a5864eb3ebb0a66f2ebe6d727af06a09d86e0a"
  
  node-fetch@^1.0.1:
    version "1.7.3"
    resolved "https://registry.npm.taobao.org/node-fetch/download/node-fetch-1.7.3.tgz?cache=0&other_urls=https%3A%2F%2Fregistry.npm.taobao.org%2Fnode-fetch%2Fdownload%2Fnode-fetch-1.7.3.tgz#980f6f72d85211a5347c6b2bc18c5b84c3eb47ef"
    dependencies:
      encoding "^0.1.11"
      is-stream "^1.0.1"
  
  nopt@~4.0.1:
    version "4.0.1"
    resolved "https://registry.npm.taobao.org/nopt/download/nopt-4.0.1.tgz?cache=0&other_urls=https%3A%2F%2Fregistry.npm.taobao.org%2Fnopt%2Fdownload%2Fnopt-4.0.1.tgz#d0d4685afd5415193c8c7505602d0d17cd64474d"
    dependencies:
      abbrev "1"
      osenv "^0.1.4"
  
  object-assign@^4.1.0, object-assign@^4.1.1:
    version "4.1.1"
    resolved "https://registry.npm.taobao.org/object-assign/download/object-assign-4.1.1.tgz#2109adc7965887cfc05cbbd442cac8bfbb360863"
  
  once@^1.3.0:
    version "1.4.0"
    resolved "https://registry.npm.taobao.org/once/download/once-1.4.0.tgz#583b1aa775961d4b113ac17d9c50baef9dd76bd1"
    dependencies:
      wrappy "1"
  
  os-homedir@^1.0.0:
    version "1.0.2"
    resolved "https://registry.npm.taobao.org/os-homedir/download/os-homedir-1.0.2.tgz#ffbc4988336e0e833de0c168c7ef152121aa7fb3"
  
  os-tmpdir@^1.0.0:
    version "1.0.2"
    resolved "https://registry.npm.taobao.org/os-tmpdir/download/os-tmpdir-1.0.2.tgz#bbe67406c79aa85c5cfec766fe5734555dfa1274"
  
  osenv@^0.1.4:
    version "0.1.5"
    resolved "https://registry.npm.taobao.org/osenv/download/osenv-0.1.5.tgz#85cdfafaeb28e8677f416e287592b5f3f49ea410"
    dependencies:
      os-homedir "^1.0.0"
      os-tmpdir "^1.0.0"
  
  parse-entities@^1.1.2:
    version "1.2.2"
    resolved "https://registry.npm.taobao.org/parse-entities/download/parse-entities-1.2.2.tgz#c31bf0f653b6661354f8973559cb86dd1d5edf50"
    dependencies:
      character-entities "^1.0.0"
      character-entities-legacy "^1.0.0"
      character-reference-invalid "^1.0.0"
      is-alphanumerical "^1.0.0"
      is-decimal "^1.0.0"
      is-hexadecimal "^1.0.0"
  
  parse-json@^4.0.0:
    version "4.0.0"
    resolved "https://registry.npm.taobao.org/parse-json/download/parse-json-4.0.0.tgz#be35f5425be1f7f6c747184f98a788cb99477ee0"
    dependencies:
      error-ex "^1.3.1"
      json-parse-better-errors "^1.0.1"
  
  path-is-absolute@^1.0.0:
    version "1.0.1"
    resolved "https://registry.npm.taobao.org/path-is-absolute/download/path-is-absolute-1.0.1.tgz#174b9268735534ffbc7ace6bf53a5a9e1b5c5f5f"
  
  path-parse@^1.0.6:
    version "1.0.6"
    resolved "https://registry.npm.taobao.org/path-parse/download/path-parse-1.0.6.tgz#d62dbb5679405d72c4737ec58600e9ddcf06d24c"
  
  polished@^3.0.0:
    version "3.3.0"
    resolved "https://registry.npm.taobao.org/polished/download/polished-3.3.0.tgz#59158368b29466e19f16f5ed38007397fb66f51d"
    dependencies:
      "@babel/runtime" "^7.4.4"
  
  popper.js@^1.14.4, popper.js@^1.14.7:
    version "1.15.0"
    resolved "https://registry.npm.taobao.org/popper.js/download/popper.js-1.15.0.tgz#5560b99bbad7647e9faa475c6b8056621f5a4ff2"
  
  prettier@^1.16.4:
    version "1.17.1"
    resolved "https://registry.npm.taobao.org/prettier/download/prettier-1.17.1.tgz#ed64b4e93e370cb8a25b9ef7fef3e4fd1c0995db"
  
  prismjs@^1.8.4, prismjs@~1.16.0:
    version "1.16.0"
    resolved "https://registry.npm.taobao.org/prismjs/download/prismjs-1.16.0.tgz#406eb2c8aacb0f5f0f1167930cb83835d10a4308"
    optionalDependencies:
      clipboard "^2.0.0"
  
  process@~0.5.1:
    version "0.5.2"
    resolved "https://registry.npm.taobao.org/process/download/process-0.5.2.tgz#1638d8a8e34c2f440a91db95ab9aeb677fc185cf"
  
  promise@^7.1.1:
    version "7.3.1"
    resolved "https://registry.npm.taobao.org/promise/download/promise-7.3.1.tgz#064b72602b18f90f29192b8b1bc418ffd1ebd3bf"
    dependencies:
      asap "~2.0.3"
  
  prop-types@15.7.2, prop-types@^15.6.0, prop-types@^15.6.1, prop-types@^15.6.2, prop-types@^15.7.2:
    version "15.7.2"
    resolved "https://registry.npm.taobao.org/prop-types/download/prop-types-15.7.2.tgz?cache=0&other_urls=https%3A%2F%2Fregistry.npm.taobao.org%2Fprop-types%2Fdownload%2Fprop-types-15.7.2.tgz#52c41e75b8c87e72b9d9360e0206b99dcbffa6c5"
    dependencies:
      loose-envify "^1.4.0"
      object-assign "^4.1.1"
      react-is "^16.8.1"
  
  property-information@^5.0.1:
    version "5.0.1"
    resolved "https://registry.npm.taobao.org/property-information/download/property-information-5.0.1.tgz#c3b09f4f5750b1634c0b24205adbf78f18bdf94f"
    dependencies:
      xtend "^4.0.1"
  
  proto-list@~1.2.1:
    version "1.2.4"
    resolved "https://registry.npm.taobao.org/proto-list/download/proto-list-1.2.4.tgz#212d5bfe1318306a420f6402b8e26ff39647a849"
  
  pseudomap@^1.0.2:
    version "1.0.2"
    resolved "https://registry.npm.taobao.org/pseudomap/download/pseudomap-1.0.2.tgz#f052a28da70e618917ef0a8ac34c1ae5a68286b3"
  
  qs@^6.6.0:
    version "6.7.0"
    resolved "https://registry.npm.taobao.org/qs/download/qs-6.7.0.tgz#41dc1a015e3d581f1621776be31afb2876a9b1bc"
  
  react-clientside-effect@^1.2.0:
    version "1.2.0"
    resolved "https://registry.npm.taobao.org/react-clientside-effect/download/react-clientside-effect-1.2.0.tgz#db823695f75e9616a5e4dd6d908e5ea627fb2516"
    dependencies:
      "@babel/runtime" "^7.0.0"
      shallowequal "^1.1.0"
  
  react-dom@^16.8.4:
    version "16.8.6"
    resolved "https://registry.npm.taobao.org/react-dom/download/react-dom-16.8.6.tgz?cache=0&other_urls=https%3A%2F%2Fregistry.npm.taobao.org%2Freact-dom%2Fdownload%2Freact-dom-16.8.6.tgz#71d6303f631e8b0097f56165ef608f051ff6e10f"
    dependencies:
      loose-envify "^1.1.0"
      object-assign "^4.1.1"
      prop-types "^15.6.2"
      scheduler "^0.13.6"
  
  react-fast-compare@2.0.4:
    version "2.0.4"
    resolved "https://registry.npm.taobao.org/react-fast-compare/download/react-fast-compare-2.0.4.tgz#e84b4d455b0fec113e0402c329352715196f81f9"
  
  react-focus-lock@^1.18.3:
    version "1.19.1"
    resolved "https://registry.npm.taobao.org/react-focus-lock/download/react-focus-lock-1.19.1.tgz#2f3429793edaefe2d077121f973ce5a3c7a0651a"
    dependencies:
      "@babel/runtime" "^7.0.0"
      focus-lock "^0.6.3"
      prop-types "^15.6.2"
      react-clientside-effect "^1.2.0"
  
  react-helmet-async@^1.0.2:
    version "1.0.2"
    resolved "https://registry.npm.taobao.org/react-helmet-async/download/react-helmet-async-1.0.2.tgz#bb55dd8268f7b15aac69c6b22e2f950abda8cc44"
    dependencies:
      "@babel/runtime" "7.3.4"
      invariant "2.2.4"
      prop-types "15.7.2"
      react-fast-compare "2.0.4"
      shallowequal "1.1.0"
  
  react-inspector@^3.0.2:
    version "3.0.2"
    resolved "https://registry.npm.taobao.org/react-inspector/download/react-inspector-3.0.2.tgz#c530a06101f562475537e47df428e1d7aff16ed8"
    dependencies:
      babel-runtime "^6.26.0"
      is-dom "^1.0.9"
      prop-types "^15.6.1"
  
  react-is@^16.7.0, react-is@^16.8.1:
    version "16.8.6"
    resolved "https://registry.npm.taobao.org/react-is/download/react-is-16.8.6.tgz#5bbc1e2d29141c9fbdfed456343fe2bc430a6a16"
  
  react-lifecycles-compat@^3.0.2, react-lifecycles-compat@^3.0.4:
    version "3.0.4"
    resolved "https://registry.npm.taobao.org/react-lifecycles-compat/download/react-lifecycles-compat-3.0.4.tgz#4f1a273afdfc8f3488a8c516bfda78f872352362"
  
  react-popper-tooltip@^2.8.0:
    version "2.8.2"
    resolved "https://registry.npm.taobao.org/react-popper-tooltip/download/react-popper-tooltip-2.8.2.tgz#4803446362a815b1406e39526ddeb299ed2fb414"
    dependencies:
      "@babel/runtime" "^7.4.3"
      react-popper "^1.3.3"
  
  react-popper@^1.3.3:
    version "1.3.3"
    resolved "https://registry.npm.taobao.org/react-popper/download/react-popper-1.3.3.tgz#2c6cef7515a991256b4f0536cd4bdcb58a7b6af6"
    dependencies:
      "@babel/runtime" "^7.1.2"
      create-react-context "<=0.2.2"
      popper.js "^1.14.4"
      prop-types "^15.6.1"
      typed-styles "^0.0.7"
      warning "^4.0.2"
  
  react-syntax-highlighter@^8.0.1:
    version "8.1.0"
    resolved "https://registry.npm.taobao.org/react-syntax-highlighter/download/react-syntax-highlighter-8.1.0.tgz#59103ff17a828a27ed7c8f035ae2558f09b6b78c"
    dependencies:
      babel-runtime "^6.18.0"
      highlight.js "~9.12.0"
      lowlight "~1.9.1"
      prismjs "^1.8.4"
      refractor "^2.4.1"
  
  react-textarea-autosize@^7.1.0:
    version "7.1.0"
    resolved "https://registry.npm.taobao.org/react-textarea-autosize/download/react-textarea-autosize-7.1.0.tgz#3132cb77e65d94417558d37c0bfe415a5afd3445"
    dependencies:
      "@babel/runtime" "^7.1.2"
      prop-types "^15.6.0"
  
  react@^16.7.0, react@^16.8.4:
    version "16.8.6"
    resolved "https://registry.npm.taobao.org/react/download/react-16.8.6.tgz?cache=0&other_urls=https%3A%2F%2Fregistry.npm.taobao.org%2Freact%2Fdownload%2Freact-16.8.6.tgz#ad6c3a9614fd3a4e9ef51117f54d888da01f2bbe"
    dependencies:
      loose-envify "^1.1.0"
      object-assign "^4.1.1"
      prop-types "^15.6.2"
      scheduler "^0.13.6"
  
  recompose@^0.30.0:
    version "0.30.0"
    resolved "https://registry.npm.taobao.org/recompose/download/recompose-0.30.0.tgz#82773641b3927e8c7d24a0d87d65aeeba18aabd0"
    dependencies:
      "@babel/runtime" "^7.0.0"
      change-emitter "^0.1.2"
      fbjs "^0.8.1"
      hoist-non-react-statics "^2.3.1"
      react-lifecycles-compat "^3.0.2"
      symbol-observable "^1.0.4"
  
  refractor@^2.4.1:
    version "2.9.0"
    resolved "https://registry.npm.taobao.org/refractor/download/refractor-2.9.0.tgz#0a381aadb51513e4e6ec1ed410b5104dd65e2489"
    dependencies:
      hastscript "^5.0.0"
      parse-entities "^1.1.2"
      prismjs "~1.16.0"
  
  regenerator-runtime@^0.11.0:
    version "0.11.1"
    resolved "https://registry.npm.taobao.org/regenerator-runtime/download/regenerator-runtime-0.11.1.tgz#be05ad7f9bf7d22e056f9726cee5017fbf19e2e9"
  
  regenerator-runtime@^0.12.0, regenerator-runtime@^0.12.1:
    version "0.12.1"
    resolved "https://registry.npm.taobao.org/regenerator-runtime/download/regenerator-runtime-0.12.1.tgz#fa1a71544764c036f8c49b13a08b2594c9f8a0de"
  
  regenerator-runtime@^0.13.2:
    version "0.13.2"
    resolved "https://registry.npm.taobao.org/regenerator-runtime/download/regenerator-runtime-0.13.2.tgz#32e59c9a6fb9b1a4aff09b4930ca2d4477343447"
  
  resize-observer-polyfill@^1.5.1:
    version "1.5.1"
    resolved "https://registry.npm.taobao.org/resize-observer-polyfill/download/resize-observer-polyfill-1.5.1.tgz#0e9020dd3d21024458d4ebd27e23e40269810464"
  
  resolve-from@^3.0.0:
    version "3.0.0"
    resolved "https://registry.npm.taobao.org/resolve-from/download/resolve-from-3.0.0.tgz#b22c7af7d9d6881bc8b6e653335eebcb0a188748"
  
  resolve@^1.10.0, resolve@^1.3.2:
    version "1.11.0"
    resolved "https://registry.npm.taobao.org/resolve/download/resolve-1.11.0.tgz?cache=0&other_urls=https%3A%2F%2Fregistry.npm.taobao.org%2Fresolve%2Fdownload%2Fresolve-1.11.0.tgz#4014870ba296176b86343d50b60f3b50609ce232"
    dependencies:
      path-parse "^1.0.6"
  
  safe-buffer@~5.1.1:
    version "5.1.2"
    resolved "https://registry.npm.taobao.org/safe-buffer/download/safe-buffer-5.1.2.tgz#991ec69d296e0313747d59bdfd2b745c35f8828d"
  
  "safer-buffer@>= 2.1.2 < 3":
    version "2.1.2"
    resolved "https://registry.npm.taobao.org/safer-buffer/download/safer-buffer-2.1.2.tgz#44fa161b0187b9549dd84bb91802f9bd8385cd6a"
  
  scheduler@^0.13.6:
    version "0.13.6"
    resolved "https://registry.npm.taobao.org/scheduler/download/scheduler-0.13.6.tgz#466a4ec332467b31a91b9bf74e5347072e4cd889"
    dependencies:
      loose-envify "^1.1.0"
      object-assign "^4.1.1"
  
  scrollbarwidth@^0.1.3:
    version "0.1.3"
    resolved "https://registry.npm.taobao.org/scrollbarwidth/download/scrollbarwidth-0.1.3.tgz#1b0de64e288c38c427f4a01fe00a462a04b94fdf"
  
  select@^1.1.2:
    version "1.1.2"
    resolved "https://registry.npm.taobao.org/select/download/select-1.1.2.tgz#0e7350acdec80b1108528786ec1d4418d11b396d"
  
  semver@^5.4.1, semver@^5.6.0:
    version "5.7.0"
    resolved "https://registry.npm.taobao.org/semver/download/semver-5.7.0.tgz?cache=0&other_urls=https%3A%2F%2Fregistry.npm.taobao.org%2Fsemver%2Fdownload%2Fsemver-5.7.0.tgz#790a7cf6fea5459bac96110b29b60412dc8ff96b"
  
  semver@^6.0.0:
    version "6.0.0"
    resolved "https://registry.npm.taobao.org/semver/download/semver-6.0.0.tgz?cache=0&other_urls=https%3A%2F%2Fregistry.npm.taobao.org%2Fsemver%2Fdownload%2Fsemver-6.0.0.tgz#05e359ee571e5ad7ed641a6eec1e547ba52dea65"
  
  setimmediate@^1.0.5:
    version "1.0.5"
    resolved "https://registry.npm.taobao.org/setimmediate/download/setimmediate-1.0.5.tgz#290cbb232e306942d7d7ea9b83732ab7856f8285"
  
  shallow-equal@^1.1.0:
    version "1.1.0"
    resolved "https://registry.npm.taobao.org/shallow-equal/download/shallow-equal-1.1.0.tgz#cc022f030dcba0d1c198abf658a3c6c744e171ca"
  
  shallowequal@1.1.0, shallowequal@^1.1.0:
    version "1.1.0"
    resolved "https://registry.npm.taobao.org/shallowequal/download/shallowequal-1.1.0.tgz#188d521de95b9087404fd4dcb68b13df0ae4e7f8"
  
  sigmund@^1.0.1:
    version "1.0.1"
    resolved "https://registry.npm.taobao.org/sigmund/download/sigmund-1.0.1.tgz#3ff21f198cad2175f9f3b781853fd94d0d19b590"
  
  simplebar-react@^1.0.0-alpha.6:
    version "1.0.0-alpha.9"
    resolved "https://registry.npm.taobao.org/simplebar-react/download/simplebar-react-1.0.0-alpha.9.tgz#06d774b425c6ea611e8738773abe88bcbcf025c6"
    dependencies:
      prop-types "^15.6.1"
      simplebar "^4.0.0-alpha.9"
  
  simplebar@^4.0.0-alpha.9:
    version "4.0.0-alpha.9"
    resolved "https://registry.npm.taobao.org/simplebar/download/simplebar-4.0.0-alpha.9.tgz#e6cf24a2e613abbef952e962680ed2429d421617"
    dependencies:
      can-use-dom "^0.1.0"
      core-js "^3.0.1"
      lodash.debounce "^4.0.8"
      lodash.memoize "^4.1.2"
      lodash.throttle "^4.1.1"
      resize-observer-polyfill "^1.5.1"
      scrollbarwidth "^0.1.3"
  
  source-map@^0.5.0, source-map@^0.5.7:
    version "0.5.7"
    resolved "https://registry.npm.taobao.org/source-map/download/source-map-0.5.7.tgz#8a039d2d1021d22d1ea14c80d8ea468ba2ef3fcc"
  
  space-separated-tokens@^1.0.0:
    version "1.1.4"
    resolved "https://registry.npm.taobao.org/space-separated-tokens/download/space-separated-tokens-1.1.4.tgz#27910835ae00d0adfcdbd0ad7e611fb9544351fa"
  
  sprintf-js@~1.0.2:
    version "1.0.3"
    resolved "https://registry.npm.taobao.org/sprintf-js/download/sprintf-js-1.0.3.tgz#04e6926f662895354f3dd015203633b857297e2c"
  
  store2@^2.7.1:
    version "2.7.1"
    resolved "https://registry.npm.taobao.org/store2/download/store2-2.7.1.tgz#22070b7dc04748a792fc6912a58ab99d3a21d788"
  
  supports-color@^5.3.0:
    version "5.5.0"
    resolved "https://registry.npm.taobao.org/supports-color/download/supports-color-5.5.0.tgz#e2e69a44ac8772f78a1ec0b35b689df6530efc8f"
    dependencies:
      has-flag "^3.0.0"
  
  symbol-observable@^1.0.4:
    version "1.2.0"
    resolved "https://registry.npm.taobao.org/symbol-observable/download/symbol-observable-1.2.0.tgz#c22688aed4eab3cdc2dfeacbb561660560a00804"
  
  telejson@^2.2.1:
    version "2.2.1"
    resolved "https://registry.npm.taobao.org/telejson/download/telejson-2.2.1.tgz#d9ee7e7eba0c81d9378257342fde7142a03787e2"
    dependencies:
      global "^4.3.2"
      is-function "^1.0.1"
      is-regex "^1.0.4"
      is-symbol "^1.0.2"
      isobject "^3.0.1"
      lodash.get "^4.4.2"
      memoizerific "^1.11.3"
  
  tiny-emitter@^2.0.0:
    version "2.1.0"
    resolved "https://registry.npm.taobao.org/tiny-emitter/download/tiny-emitter-2.1.0.tgz#1d1a56edfc51c43e863cbb5382a72330e3555423"
  
  to-fast-properties@^2.0.0:
    version "2.0.0"
    resolved "https://registry.npm.taobao.org/to-fast-properties/download/to-fast-properties-2.0.0.tgz#dc5e698cbd079265bc73e0377681a4e4e83f616e"
  
  toggle-selection@^1.0.6:
    version "1.0.6"
    resolved "https://registry.npm.taobao.org/toggle-selection/download/toggle-selection-1.0.6.tgz#6e45b1263f2017fa0acc7d89d78b15b8bf77da32"
  
  trim-right@^1.0.1:
    version "1.0.1"
    resolved "https://registry.npm.taobao.org/trim-right/download/trim-right-1.0.1.tgz#cb2e1203067e0c8de1f614094b9fe45704ea6003"
  
  typed-styles@^0.0.7:
    version "0.0.7"
    resolved "https://registry.npm.taobao.org/typed-styles/download/typed-styles-0.0.7.tgz#93392a008794c4595119ff62dde6809dbc40a3d9"
  
  ua-parser-js@^0.7.18:
    version "0.7.19"
    resolved "https://registry.npm.taobao.org/ua-parser-js/download/ua-parser-js-0.7.19.tgz#94151be4c0a7fb1d001af7022fdaca4642659e4b"
  
  unquote@^1.1.0:
    version "1.1.1"
    resolved "https://registry.npm.taobao.org/unquote/download/unquote-1.1.1.tgz#8fded7324ec6e88a0ff8b905e7c098cdc086d544"
  
  util-deprecate@^1.0.2:
    version "1.0.2"
    resolved "https://registry.npm.taobao.org/util-deprecate/download/util-deprecate-1.0.2.tgz#450d4dc9fa70de732762fbd2d4a28981419a0ccf"
  
  warning@^3.0.0:
    version "3.0.0"
    resolved "https://registry.npm.taobao.org/warning/download/warning-3.0.0.tgz#32e5377cb572de4ab04753bdf8821c01ed605b7c"
    dependencies:
      loose-envify "^1.0.0"
  
  warning@^4.0.2:
    version "4.0.3"
    resolved "https://registry.npm.taobao.org/warning/download/warning-4.0.3.tgz#16e9e077eb8a86d6af7d64aa1e05fd85b4678ca3"
    dependencies:
      loose-envify "^1.0.0"
  
  whatwg-fetch@>=0.10.0:
    version "3.0.0"
    resolved "https://registry.npm.taobao.org/whatwg-fetch/download/whatwg-fetch-3.0.0.tgz#fc804e458cc460009b1a2b966bc8817d2578aefb"
  
  wrappy@1:
    version "1.0.2"
    resolved "https://registry.npm.taobao.org/wrappy/download/wrappy-1.0.2.tgz#b5243d8f3ec1aa35f1364605bc0d1036e30ab69f"
  
  xtend@^4.0.1:
    version "4.0.1"
    resolved "https://registry.npm.taobao.org/xtend/download/xtend-4.0.1.tgz#a5c6d532be656e23db820efb943a1f04998d63af"
  
  yallist@^2.1.2:
    version "2.1.2"
    resolved "https://registry.npm.taobao.org/yallist/download/yallist-2.1.2.tgz#1c11f9218f076089a47dd512f93c6699a6a81d52"
